{"/home/nick/projects/trash-panda/utils/escape.js": {"path":"/home/nick/projects/trash-panda/utils/escape.js","statementMap":{"0":{"start":{"line":7,"column":2},"end":{"line":11,"column":36}},"1":{"start":{"line":15,"column":0},"end":{"line":15,"column":31}}},"fnMap":{"0":{"name":"htmlEscape","decl":{"start":{"line":6,"column":9},"end":{"line":6,"column":19}},"loc":{"start":{"line":6,"column":25},"end":{"line":12,"column":1}},"line":6}},"branchMap":{},"s":{"0":1,"1":1},"f":{"0":1},"b":{},"_coverageSchema":"1a1c01bbd47fc00a2c39e90264f33305004495a9","hash":"cc256746c41c6d372e4b369855fbe75abcdf18f0"}
}
