{"/home/nick/projects/trash-panda/trash-panda.js": {"path":"/home/nick/projects/trash-panda/trash-panda.js","statementMap":{"0":{"start":{"line":1,"column":15},"end":{"line":1,"column":40}},"1":{"start":{"line":2,"column":11},"end":{"line":2,"column":33}},"2":{"start":{"line":3,"column":13},"end":{"line":3,"column":28}},"3":{"start":{"line":7,"column":4},"end":{"line":7,"column":69}},"4":{"start":{"line":8,"column":4},"end":{"line":8,"column":65}},"5":{"start":{"line":9,"column":4},"end":{"line":9,"column":69}},"6":{"start":{"line":10,"column":4},"end":{"line":10,"column":69}},"7":{"start":{"line":11,"column":4},"end":{"line":11,"column":69}},"8":{"start":{"line":12,"column":4},"end":{"line":12,"column":65}},"9":{"start":{"line":13,"column":4},"end":{"line":13,"column":54}},"10":{"start":{"line":14,"column":4},"end":{"line":14,"column":79}},"11":{"start":{"line":15,"column":4},"end":{"line":15,"column":83}},"12":{"start":{"line":16,"column":4},"end":{"line":16,"column":26}},"13":{"start":{"line":18,"column":4},"end":{"line":18,"column":78}},"14":{"start":{"line":19,"column":4},"end":{"line":19,"column":71}},"15":{"start":{"line":20,"column":4},"end":{"line":20,"column":71}},"16":{"start":{"line":21,"column":4},"end":{"line":21,"column":67}},"17":{"start":{"line":22,"column":4},"end":{"line":22,"column":106}},"18":{"start":{"line":26,"column":17},"end":{"line":26,"column":19}},"19":{"start":{"line":28,"column":19},"end":{"line":31,"column":53}},"20":{"start":{"line":34,"column":20},"end":{"line":34,"column":21}},"21":{"start":{"line":36,"column":4},"end":{"line":57,"column":5}},"22":{"start":{"line":37,"column":6},"end":{"line":37,"column":50}},"23":{"start":{"line":39,"column":6},"end":{"line":54,"column":7}},"24":{"start":{"line":40,"column":8},"end":{"line":40,"column":71}},"25":{"start":{"line":41,"column":13},"end":{"line":54,"column":7}},"26":{"start":{"line":42,"column":8},"end":{"line":42,"column":59}},"27":{"start":{"line":43,"column":13},"end":{"line":54,"column":7}},"28":{"start":{"line":44,"column":8},"end":{"line":44,"column":60}},"29":{"start":{"line":45,"column":13},"end":{"line":54,"column":7}},"30":{"start":{"line":46,"column":22},"end":{"line":46,"column":37}},"31":{"start":{"line":47,"column":8},"end":{"line":52,"column":9}},"32":{"start":{"line":48,"column":23},"end":{"line":48,"column":41}},"33":{"start":{"line":49,"column":21},"end":{"line":49,"column":35}},"34":{"start":{"line":50,"column":10},"end":{"line":50,"column":54}},"35":{"start":{"line":56,"column":6},"end":{"line":56,"column":35}},"36":{"start":{"line":59,"column":4},"end":{"line":59,"column":34}},"37":{"start":{"line":60,"column":4},"end":{"line":60,"column":18}},"38":{"start":{"line":66,"column":12},"end":{"line":66,"column":33}},"39":{"start":{"line":67,"column":2},"end":{"line":72,"column":3}},"40":{"start":{"line":68,"column":4},"end":{"line":68,"column":78}},"41":{"start":{"line":71,"column":4},"end":{"line":71,"column":28}},"42":{"start":{"line":74,"column":2},"end":{"line":74,"column":12}},"43":{"start":{"line":77,"column":0},"end":{"line":77,"column":28}}},"fnMap":{"0":{"name":"(anonymous_0)","decl":{"start":{"line":6,"column":2},"end":{"line":6,"column":3}},"loc":{"start":{"line":6,"column":25},"end":{"line":23,"column":3}},"line":6},"1":{"name":"(anonymous_1)","decl":{"start":{"line":25,"column":2},"end":{"line":25,"column":3}},"loc":{"start":{"line":25,"column":41},"end":{"line":61,"column":3}},"line":25},"2":{"name":"evaluate","decl":{"start":{"line":65,"column":9},"end":{"line":65,"column":17}},"loc":{"start":{"line":65,"column":40},"end":{"line":75,"column":1}},"line":65}},"branchMap":{"0":{"loc":{"start":{"line":6,"column":14},"end":{"line":6,"column":23}},"type":"default-arg","locations":[{"start":{"line":6,"column":21},"end":{"line":6,"column":23}}],"line":6},"1":{"loc":{"start":{"line":7,"column":44},"end":{"line":7,"column":67}},"type":"binary-expr","locations":[{"start":{"line":7,"column":44},"end":{"line":7,"column":56}},{"start":{"line":7,"column":60},"end":{"line":7,"column":67}}],"line":7},"2":{"loc":{"start":{"line":8,"column":38},"end":{"line":8,"column":63}},"type":"binary-expr","locations":[{"start":{"line":8,"column":38},"end":{"line":8,"column":56}},{"start":{"line":8,"column":60},"end":{"line":8,"column":63}}],"line":8},"3":{"loc":{"start":{"line":9,"column":40},"end":{"line":9,"column":67}},"type":"binary-expr","locations":[{"start":{"line":9,"column":40},"end":{"line":9,"column":60}},{"start":{"line":9,"column":64},"end":{"line":9,"column":67}}],"line":9},"4":{"loc":{"start":{"line":10,"column":40},"end":{"line":10,"column":67}},"type":"binary-expr","locations":[{"start":{"line":10,"column":40},"end":{"line":10,"column":60}},{"start":{"line":10,"column":64},"end":{"line":10,"column":67}}],"line":10},"5":{"loc":{"start":{"line":11,"column":40},"end":{"line":11,"column":67}},"type":"binary-expr","locations":[{"start":{"line":11,"column":40},"end":{"line":11,"column":60}},{"start":{"line":11,"column":64},"end":{"line":11,"column":67}}],"line":11},"6":{"loc":{"start":{"line":12,"column":38},"end":{"line":12,"column":63}},"type":"binary-expr","locations":[{"start":{"line":12,"column":38},"end":{"line":12,"column":56}},{"start":{"line":12,"column":60},"end":{"line":12,"column":63}}],"line":12},"7":{"loc":{"start":{"line":13,"column":32},"end":{"line":13,"column":52}},"type":"binary-expr","locations":[{"start":{"line":13,"column":32},"end":{"line":13,"column":44}},{"start":{"line":13,"column":48},"end":{"line":13,"column":52}}],"line":13},"8":{"loc":{"start":{"line":14,"column":45},"end":{"line":14,"column":77}},"type":"binary-expr","locations":[{"start":{"line":14,"column":45},"end":{"line":14,"column":70}},{"start":{"line":14,"column":74},"end":{"line":14,"column":77}}],"line":14},"9":{"loc":{"start":{"line":15,"column":47},"end":{"line":15,"column":81}},"type":"binary-expr","locations":[{"start":{"line":15,"column":47},"end":{"line":15,"column":74}},{"start":{"line":15,"column":78},"end":{"line":15,"column":81}}],"line":15},"10":{"loc":{"start":{"line":25,"column":20},"end":{"line":25,"column":29}},"type":"default-arg","locations":[{"start":{"line":25,"column":27},"end":{"line":25,"column":29}}],"line":25},"11":{"loc":{"start":{"line":25,"column":31},"end":{"line":25,"column":39}},"type":"default-arg","locations":[{"start":{"line":25,"column":37},"end":{"line":25,"column":39}}],"line":25},"12":{"loc":{"start":{"line":39,"column":6},"end":{"line":54,"column":7}},"type":"if","locations":[{"start":{"line":39,"column":6},"end":{"line":54,"column":7}},{"start":{"line":41,"column":13},"end":{"line":54,"column":7}}],"line":39},"13":{"loc":{"start":{"line":41,"column":13},"end":{"line":54,"column":7}},"type":"if","locations":[{"start":{"line":41,"column":13},"end":{"line":54,"column":7}},{"start":{"line":43,"column":13},"end":{"line":54,"column":7}}],"line":41},"14":{"loc":{"start":{"line":43,"column":13},"end":{"line":54,"column":7}},"type":"if","locations":[{"start":{"line":43,"column":13},"end":{"line":54,"column":7}},{"start":{"line":45,"column":13},"end":{"line":54,"column":7}}],"line":43},"15":{"loc":{"start":{"line":45,"column":13},"end":{"line":54,"column":7}},"type":"if","locations":[{"start":{"line":45,"column":13},"end":{"line":54,"column":7}},{"start":{},"end":{}}],"line":45},"16":{"loc":{"start":{"line":47,"column":8},"end":{"line":52,"column":9}},"type":"if","locations":[{"start":{"line":47,"column":8},"end":{"line":52,"column":9}},{"start":{"line":51,"column":15},"end":{"line":52,"column":9}}],"line":47}},"s":{"0":1,"1":1,"2":1,"3":1,"4":1,"5":1,"6":1,"7":1,"8":1,"9":1,"10":1,"11":1,"12":1,"13":1,"14":1,"15":1,"16":1,"17":1,"18":3,"19":3,"20":3,"21":3,"22":1,"23":1,"24":1,"25":0,"26":0,"27":0,"28":0,"29":0,"30":0,"31":0,"32":0,"33":0,"34":0,"35":1,"36":3,"37":3,"38":1,"39":1,"40":1,"41":0,"42":1,"43":1},"f":{"0":1,"1":3,"2":1},"b":{"0":[0],"1":[1,0],"2":[1,1],"3":[1,1],"4":[1,1],"5":[1,1],"6":[1,1],"7":[1,1],"8":[1,1],"9":[1,1],"10":[2],"11":[3],"12":[1,0],"13":[0,0],"14":[0,0],"15":[0,0],"16":[0,0]},"_coverageSchema":"1a1c01bbd47fc00a2c39e90264f33305004495a9","hash":"d9e95aef1819481e6b3b659f4fe6ee54c5543dcf"}
,"/home/nick/projects/trash-panda/utils/escape.js": {"path":"/home/nick/projects/trash-panda/utils/escape.js","statementMap":{"0":{"start":{"line":7,"column":2},"end":{"line":11,"column":36}},"1":{"start":{"line":15,"column":2},"end":{"line":15,"column":55}},"2":{"start":{"line":18,"column":0},"end":{"line":18,"column":32}}},"fnMap":{"0":{"name":"html","decl":{"start":{"line":6,"column":9},"end":{"line":6,"column":13}},"loc":{"start":{"line":6,"column":19},"end":{"line":12,"column":1}},"line":6},"1":{"name":"regex","decl":{"start":{"line":14,"column":9},"end":{"line":14,"column":14}},"loc":{"start":{"line":14,"column":20},"end":{"line":16,"column":1}},"line":14}},"branchMap":{},"s":{"0":6,"1":8,"2":1},"f":{"0":6,"1":8},"b":{},"_coverageSchema":"1a1c01bbd47fc00a2c39e90264f33305004495a9","hash":"cbbee9d99c48aba56248aff38237589739fa0cc9"}
}
