TN:
SF:trash-panda.js
FN:6,(anonymous_0)
FN:25,(anonymous_1)
FN:65,evaluate
FNF:3
FNH:3
FNDA:1,(anonymous_0)
FNDA:3,(anonymous_1)
FNDA:1,evaluate
DA:1,1
DA:2,1
DA:3,1
DA:7,1
DA:8,1
DA:9,1
DA:10,1
DA:11,1
DA:12,1
DA:13,1
DA:14,1
DA:15,1
DA:16,1
DA:18,1
DA:19,1
DA:20,1
DA:21,1
DA:22,1
DA:26,3
DA:28,3
DA:34,3
DA:36,3
DA:37,1
DA:39,1
DA:40,1
DA:41,0
DA:42,0
DA:43,0
DA:44,0
DA:45,0
DA:46,0
DA:47,0
DA:48,0
DA:49,0
DA:50,0
DA:56,1
DA:59,3
DA:60,3
DA:66,1
DA:67,1
DA:68,1
DA:71,0
DA:74,1
DA:77,1
LF:44
LH:33
BRDA:6,0,0,0
BRDA:7,1,0,1
BRDA:7,1,1,0
BRDA:8,2,0,1
BRDA:8,2,1,1
BRDA:9,3,0,1
BRDA:9,3,1,1
BRDA:10,4,0,1
BRDA:10,4,1,1
BRDA:11,5,0,1
BRDA:11,5,1,1
BRDA:12,6,0,1
BRDA:12,6,1,1
BRDA:13,7,0,1
BRDA:13,7,1,1
BRDA:14,8,0,1
BRDA:14,8,1,1
BRDA:15,9,0,1
BRDA:15,9,1,1
BRDA:25,10,0,2
BRDA:25,11,0,3
BRDA:39,12,0,1
BRDA:39,12,1,0
BRDA:41,13,0,0
BRDA:41,13,1,0
BRDA:43,14,0,0
BRDA:43,14,1,0
BRDA:45,15,0,0
BRDA:45,15,1,0
BRDA:47,16,0,0
BRDA:47,16,1,0
BRF:31
BRH:20
end_of_record
TN:
SF:utils/escape.js
FN:6,html
FN:14,regex
FNF:2
FNH:2
FNDA:6,html
FNDA:8,regex
DA:7,6
DA:15,8
DA:18,1
LF:3
LH:3
BRF:0
BRH:0
end_of_record
